<?xml version="1.0" encoding="UTF-8"?>
<testsuite xmlns:xsi="http://www.w3.org/2001/XMLSchema-instance" xsi:noNamespaceSchemaLocation="https://maven.apache.org/surefire/maven-surefire-plugin/xsd/surefire-test-report.xsd" name="com.june.AppTest" time="0.026" tests="1" errors="0" skipped="0" failures="0">
  <properties>
    <property name="awt.toolkit" value="sun.lwawt.macosx.LWCToolkit"/>
    <property name="java.specification.version" value="12"/>
    <property name="sun.jnu.encoding" value="UTF-8"/>
    <property name="java.class.path" value="/Users/rajesh.sahoo/IdeaProjects/firstpro/target/test-classes:/Users/rajesh.sahoo/IdeaProjects/firstpro/target/classes:/Users/rajesh.sahoo/.m2/repository/javax/xml/bind/jaxb-api/2.3.0/jaxb-api-2.3.0.jar:/Users/rajesh.sahoo/.m2/repository/org/springframework/boot/spring-boot-starter-web/1.4.2.RELEASE/spring-boot-starter-web-1.4.2.RELEASE.jar:/Users/rajesh.sahoo/.m2/repository/org/springframework/boot/spring-boot-starter/1.4.2.RELEASE/spring-boot-starter-1.4.2.RELEASE.jar:/Users/rajesh.sahoo/.m2/repository/org/springframework/boot/spring-boot/1.4.2.RELEASE/spring-boot-1.4.2.RELEASE.jar:/Users/rajesh.sahoo/.m2/repository/org/springframework/boot/spring-boot-autoconfigure/1.4.2.RELEASE/spring-boot-autoconfigure-1.4.2.RELEASE.jar:/Users/rajesh.sahoo/.m2/repository/org/springframework/boot/spring-boot-starter-logging/1.4.2.RELEASE/spring-boot-starter-logging-1.4.2.RELEASE.jar:/Users/rajesh.sahoo/.m2/repository/ch/qos/logback/logback-classic/1.1.7/logback-classic-1.1.7.jar:/Users/rajesh.sahoo/.m2/repository/ch/qos/logback/logback-core/1.1.7/logback-core-1.1.7.jar:/Users/rajesh.sahoo/.m2/repository/org/slf4j/slf4j-api/1.7.21/slf4j-api-1.7.21.jar:/Users/rajesh.sahoo/.m2/repository/org/slf4j/jcl-over-slf4j/1.7.21/jcl-over-slf4j-1.7.21.jar:/Users/rajesh.sahoo/.m2/repository/org/slf4j/jul-to-slf4j/1.7.21/jul-to-slf4j-1.7.21.jar:/Users/rajesh.sahoo/.m2/repository/org/slf4j/log4j-over-slf4j/1.7.21/log4j-over-slf4j-1.7.21.jar:/Users/rajesh.sahoo/.m2/repository/org/springframework/spring-core/4.3.4.RELEASE/spring-core-4.3.4.RELEASE.jar:/Users/rajesh.sahoo/.m2/repository/org/yaml/snakeyaml/1.17/snakeyaml-1.17.jar:/Users/rajesh.sahoo/.m2/repository/org/springframework/boot/spring-boot-starter-tomcat/1.4.2.RELEASE/spring-boot-starter-tomcat-1.4.2.RELEASE.jar:/Users/rajesh.sahoo/.m2/repository/org/apache/tomcat/embed/tomcat-embed-core/8.5.6/tomcat-embed-core-8.5.6.jar:/Users/rajesh.sahoo/.m2/repository/org/apache/tomcat/embed/tomcat-embed-el/8.5.6/tomcat-embed-el-8.5.6.jar:/Users/rajesh.sahoo/.m2/repository/org/apache/tomcat/embed/tomcat-embed-websocket/8.5.6/tomcat-embed-websocket-8.5.6.jar:/Users/rajesh.sahoo/.m2/repository/org/hibernate/hibernate-validator/5.2.4.Final/hibernate-validator-5.2.4.Final.jar:/Users/rajesh.sahoo/.m2/repository/javax/validation/validation-api/1.1.0.Final/validation-api-1.1.0.Final.jar:/Users/rajesh.sahoo/.m2/repository/org/jboss/logging/jboss-logging/3.3.0.Final/jboss-logging-3.3.0.Final.jar:/Users/rajesh.sahoo/.m2/repository/com/fasterxml/classmate/1.3.3/classmate-1.3.3.jar:/Users/rajesh.sahoo/.m2/repository/com/fasterxml/jackson/core/jackson-databind/2.8.4/jackson-databind-2.8.4.jar:/Users/rajesh.sahoo/.m2/repository/com/fasterxml/jackson/core/jackson-annotations/2.8.4/jackson-annotations-2.8.4.jar:/Users/rajesh.sahoo/.m2/repository/com/fasterxml/jackson/core/jackson-core/2.8.4/jackson-core-2.8.4.jar:/Users/rajesh.sahoo/.m2/repository/org/springframework/spring-web/4.3.4.RELEASE/spring-web-4.3.4.RELEASE.jar:/Users/rajesh.sahoo/.m2/repository/org/springframework/spring-aop/4.3.4.RELEASE/spring-aop-4.3.4.RELEASE.jar:/Users/rajesh.sahoo/.m2/repository/org/springframework/spring-beans/4.3.4.RELEASE/spring-beans-4.3.4.RELEASE.jar:/Users/rajesh.sahoo/.m2/repository/org/springframework/spring-context/4.3.4.RELEASE/spring-context-4.3.4.RELEASE.jar:/Users/rajesh.sahoo/.m2/repository/org/springframework/spring-webmvc/4.3.4.RELEASE/spring-webmvc-4.3.4.RELEASE.jar:/Users/rajesh.sahoo/.m2/repository/org/springframework/spring-expression/4.3.4.RELEASE/spring-expression-4.3.4.RELEASE.jar:/Users/rajesh.sahoo/.m2/repository/junit/junit/4.11/junit-4.11.jar:/Users/rajesh.sahoo/.m2/repository/org/hamcrest/hamcrest-core/1.3/hamcrest-core-1.3.jar:"/>
    <property name="java.vm.vendor" value="Oracle Corporation"/>
    <property name="sun.arch.data.model" value="64"/>
    <property name="java.vendor.url" value="https://java.oracle.com/"/>
    <property name="os.name" value="Mac OS X"/>
    <property name="java.vm.specification.version" value="12"/>
    <property name="sun.java.launcher" value="SUN_STANDARD"/>
    <property name="user.country" value="US"/>
    <property name="sun.boot.library.path" value="/Library/Java/JavaVirtualMachines/jdk-12.0.1.jdk/Contents/Home/lib"/>
    <property name="sun.java.command" value="/Users/rajesh.sahoo/IdeaProjects/firstpro/target/surefire/surefirebooter35970933241922067.jar /Users/rajesh.sahoo/IdeaProjects/firstpro/target/surefire 2019-06-15T10-45-56_957-jvmRun1 surefire5723372909493718084tmp surefire_09013175301147834042tmp"/>
    <property name="http.nonProxyHosts" value="local|*.local|169.254/16|*.169.254/16"/>
    <property name="jdk.debug" value="release"/>
    <property name="surefire.test.class.path" value="/Users/rajesh.sahoo/IdeaProjects/firstpro/target/test-classes:/Users/rajesh.sahoo/IdeaProjects/firstpro/target/classes:/Users/rajesh.sahoo/.m2/repository/javax/xml/bind/jaxb-api/2.3.0/jaxb-api-2.3.0.jar:/Users/rajesh.sahoo/.m2/repository/org/springframework/boot/spring-boot-starter-web/1.4.2.RELEASE/spring-boot-starter-web-1.4.2.RELEASE.jar:/Users/rajesh.sahoo/.m2/repository/org/springframework/boot/spring-boot-starter/1.4.2.RELEASE/spring-boot-starter-1.4.2.RELEASE.jar:/Users/rajesh.sahoo/.m2/repository/org/springframework/boot/spring-boot/1.4.2.RELEASE/spring-boot-1.4.2.RELEASE.jar:/Users/rajesh.sahoo/.m2/repository/org/springframework/boot/spring-boot-autoconfigure/1.4.2.RELEASE/spring-boot-autoconfigure-1.4.2.RELEASE.jar:/Users/rajesh.sahoo/.m2/repository/org/springframework/boot/spring-boot-starter-logging/1.4.2.RELEASE/spring-boot-starter-logging-1.4.2.RELEASE.jar:/Users/rajesh.sahoo/.m2/repository/ch/qos/logback/logback-classic/1.1.7/logback-classic-1.1.7.jar:/Users/rajesh.sahoo/.m2/repository/ch/qos/logback/logback-core/1.1.7/logback-core-1.1.7.jar:/Users/rajesh.sahoo/.m2/repository/org/slf4j/slf4j-api/1.7.21/slf4j-api-1.7.21.jar:/Users/rajesh.sahoo/.m2/repository/org/slf4j/jcl-over-slf4j/1.7.21/jcl-over-slf4j-1.7.21.jar:/Users/rajesh.sahoo/.m2/repository/org/slf4j/jul-to-slf4j/1.7.21/jul-to-slf4j-1.7.21.jar:/Users/rajesh.sahoo/.m2/repository/org/slf4j/log4j-over-slf4j/1.7.21/log4j-over-slf4j-1.7.21.jar:/Users/rajesh.sahoo/.m2/repository/org/springframework/spring-core/4.3.4.RELEASE/spring-core-4.3.4.RELEASE.jar:/Users/rajesh.sahoo/.m2/repository/org/yaml/snakeyaml/1.17/snakeyaml-1.17.jar:/Users/rajesh.sahoo/.m2/repository/org/springframework/boot/spring-boot-starter-tomcat/1.4.2.RELEASE/spring-boot-starter-tomcat-1.4.2.RELEASE.jar:/Users/rajesh.sahoo/.m2/repository/org/apache/tomcat/embed/tomcat-embed-core/8.5.6/tomcat-embed-core-8.5.6.jar:/Users/rajesh.sahoo/.m2/repository/org/apache/tomcat/embed/tomcat-embed-el/8.5.6/tomcat-embed-el-8.5.6.jar:/Users/rajesh.sahoo/.m2/repository/org/apache/tomcat/embed/tomcat-embed-websocket/8.5.6/tomcat-embed-websocket-8.5.6.jar:/Users/rajesh.sahoo/.m2/repository/org/hibernate/hibernate-validator/5.2.4.Final/hibernate-validator-5.2.4.Final.jar:/Users/rajesh.sahoo/.m2/repository/javax/validation/validation-api/1.1.0.Final/validation-api-1.1.0.Final.jar:/Users/rajesh.sahoo/.m2/repository/org/jboss/logging/jboss-logging/3.3.0.Final/jboss-logging-3.3.0.Final.jar:/Users/rajesh.sahoo/.m2/repository/com/fasterxml/classmate/1.3.3/classmate-1.3.3.jar:/Users/rajesh.sahoo/.m2/repository/com/fasterxml/jackson/core/jackson-databind/2.8.4/jackson-databind-2.8.4.jar:/Users/rajesh.sahoo/.m2/repository/com/fasterxml/jackson/core/jackson-annotations/2.8.4/jackson-annotations-2.8.4.jar:/Users/rajesh.sahoo/.m2/repository/com/fasterxml/jackson/core/jackson-core/2.8.4/jackson-core-2.8.4.jar:/Users/rajesh.sahoo/.m2/repository/org/springframework/spring-web/4.3.4.RELEASE/spring-web-4.3.4.RELEASE.jar:/Users/rajesh.sahoo/.m2/repository/org/springframework/spring-aop/4.3.4.RELEASE/spring-aop-4.3.4.RELEASE.jar:/Users/rajesh.sahoo/.m2/repository/org/springframework/spring-beans/4.3.4.RELEASE/spring-beans-4.3.4.RELEASE.jar:/Users/rajesh.sahoo/.m2/repository/org/springframework/spring-context/4.3.4.RELEASE/spring-context-4.3.4.RELEASE.jar:/Users/rajesh.sahoo/.m2/repository/org/springframework/spring-webmvc/4.3.4.RELEASE/spring-webmvc-4.3.4.RELEASE.jar:/Users/rajesh.sahoo/.m2/repository/org/springframework/spring-expression/4.3.4.RELEASE/spring-expression-4.3.4.RELEASE.jar:/Users/rajesh.sahoo/.m2/repository/junit/junit/4.11/junit-4.11.jar:/Users/rajesh.sahoo/.m2/repository/org/hamcrest/hamcrest-core/1.3/hamcrest-core-1.3.jar:"/>
    <property name="sun.cpu.endian" value="little"/>
    <property name="user.home" value="/Users/rajesh.sahoo"/>
    <property name="user.language" value="en"/>
    <property name="java.specification.vendor" value="Oracle Corporation"/>
    <property name="java.version.date" value="2019-04-16"/>
    <property name="java.home" value="/Library/Java/JavaVirtualMachines/jdk-12.0.1.jdk/Contents/Home"/>
    <property name="file.separator" value="/"/>
    <property name="basedir" value="/Users/rajesh.sahoo/IdeaProjects/firstpro"/>
    <property name="java.vm.compressedOopsMode" value="Zero based"/>
    <property name="line.separator" value="&#10;"/>
    <property name="java.vm.specification.vendor" value="Oracle Corporation"/>
    <property name="java.specification.name" value="Java Platform API Specification"/>
    <property name="java.awt.graphicsenv" value="sun.awt.CGraphicsEnvironment"/>
    <property name="surefire.real.class.path" value="/Users/rajesh.sahoo/IdeaProjects/firstpro/target/surefire/surefirebooter35970933241922067.jar"/>
    <property name="sun.management.compiler" value="HotSpot 64-Bit Tiered Compilers"/>
    <property name="ftp.nonProxyHosts" value="local|*.local|169.254/16|*.169.254/16"/>
    <property name="java.runtime.version" value="12.0.1+12"/>
    <property name="user.name" value="rajesh.sahoo"/>
    <property name="path.separator" value=":"/>
    <property name="os.version" value="10.14.5"/>
    <property name="java.runtime.name" value="Java(TM) SE Runtime Environment"/>
    <property name="file.encoding" value="UTF-8"/>
    <property name="java.vm.name" value="Java HotSpot(TM) 64-Bit Server VM"/>
    <property name="localRepository" value="/Users/rajesh.sahoo/.m2/repository"/>
    <property name="java.vendor.url.bug" value="https://bugreport.java.com/bugreport/"/>
    <property name="java.io.tmpdir" value="/var/folders/m8/4rl09n116ks1wh25l9_g9gmw0000gr/T/"/>
    <property name="java.version" value="12.0.1"/>
    <property name="user.dir" value="/Users/rajesh.sahoo/IdeaProjects/firstpro"/>
    <property name="os.arch" value="x86_64"/>
    <property name="java.vm.specification.name" value="Java Virtual Machine Specification"/>
    <property name="idea.version2019.1.3" value="true"/>
    <property name="java.library.path" value="/Users/rajesh.sahoo/Library/Java/Extensions:/Library/Java/Extensions:/Network/Library/Java/Extensions:/System/Library/Java/Extensions:/usr/lib/java:."/>
    <property name="java.vm.info" value="mixed mode, sharing"/>
    <property name="java.vendor" value="Oracle Corporation"/>
    <property name="java.vm.version" value="12.0.1+12"/>
    <property name="sun.io.unicode.encoding" value="UnicodeBig"/>
    <property name="socksNonProxyHosts" value="local|*.local|169.254/16|*.169.254/16"/>
    <property name="java.class.version" value="56.0"/>
  </properties>
  <testcase name="shouldAnswerWithTrue" classname="com.june.AppTest" time="0.001"/>
</testsuite>